<?xml version="1.0" encoding="UTF-8"?>
<!-- Generated by org.testng.reporters.JUnitXMLReporter -->
<testsuite ignored="0" hostname="LAPTOP-2GF41894" failures="0" tests="18" name="Regression1" time="71.582" errors="0" timestamp="2024-01-12T12:35:12 AEDT">
  <testcase classname="com.employeepi.testcases.TC001_GetAllEmployees" name="checkResponseBody" time="0.212"/>
  <testcase classname="com.employeepi.testcases.TC001_GetAllEmployees" name="checkStatusCode" time="0.014"/>
  <testcase classname="com.employeepi.testcases.TC001_GetAllEmployees" name="checkResponseTime" time="0.008"/>
  <testcase classname="com.employeepi.testcases.TC001_GetAllEmployees" name="checkStatusLine" time="0.009"/>
  <testcase classname="com.employeepi.testcases.TC001_GetAllEmployees" name="checkServerType" time="0.009"/>
  <testcase classname="com.employeepi.testcases.TC001_GetAllEmployees" name="checkContentEncoding" time="0.008"/>
  <testcase classname="com.employeepi.testcases.TC001_GetAllEmployees" name="checkContentType" time="0.007"/>
  <testcase classname="com.employeepi.testcases.TC002_GetSingleEmployee" name="checkResponseBody" time="0.006"/>
  <testcase classname="com.employeepi.testcases.TC002_GetSingleEmployee" name="checkStatusCode" time="0.006"/>
  <testcase classname="com.employeepi.testcases.TC002_GetSingleEmployee" name="checkResponseTime" time="0.008"/>
  <testcase classname="com.employeepi.testcases.TC003_PostEmployee" name="checkResponseCode" time="0.007"/>
  <testcase classname="com.employeepi.testcases.TC003_PostEmployee" name="logAll" time="0.491"/>
  <testcase classname="com.employeepi.testcases.TC003_PostEmployee" name="verifyRecordSuccessfullyAdded" time="0.021"/>
  <testcase classname="com.employeepi.testcases.TC004_PutEmployee" name="checkResponseCode" time="0.013"/>
  <testcase classname="com.employeepi.testcases.TC004_PutEmployee" name="logAll" time="0.012"/>
  <testcase classname="com.employeepi.testcases.TC004_PutEmployee" name="verifyRecordSuccessfullyUpdated" time="0.033"/>
  <testcase classname="com.employeepi.testcases.TC005_DeleteEmployee" name="checkResponse" time="2.132"/>
  <testcase classname="com.employeepi.testcases.TC005_DeleteEmployee" name="checkStatusCode" time="0.005"/>
</testsuite> <!-- Regression1 -->
