<?xml version="1.0" encoding="UTF-8"?>
<!-- Generated by org.testng.reporters.JUnitXMLReporter -->
<testsuite ignored="0" hostname="LAPTOP-2GF41894" failures="0" tests="2" name="Default test" time="24.857" errors="0" timestamp="2024-01-11T18:44:36 AEDT">
  <testcase classname="com.employeepi.testcases.TC005_DeleteEmployee" name="checkResponse" time="2.163"/>
  <testcase classname="com.employeepi.testcases.TC005_DeleteEmployee" name="checkStatusCode" time="0.01"/>
</testsuite> <!-- Default test -->
